<?xml version="1.0" encoding="UTF-8"?>
<!-- Generated by org.testng.reporters.JUnitXMLReporter -->
<testsuite hostname="DESKTOP-PDEGVPD" failures="1" tests="1" name="Test" time="17.995" errors="0" timestamp="13 Oct 2020 22:35:45 GMT">
  <testcase classname="scripts.TC1_EditUserDetails" name="editEmployeeDetails" time="10.254">
    <failure type="java.lang.AssertionError">
      <![CDATA[java.lang.AssertionError
	at org.junit.Assert.fail(Assert.java:92)
	at org.junit.Assert.fail(Assert.java:100)
	at generic.BasePage.clickOnElement(BasePage.java:71)
	at pom.LoginPage.clickOnEmployeeId(LoginPage.java:75)
	at scripts.TC1_EditUserDetails.editEmployeeDetails(TC1_EditUserDetails.java:36)
	at org.apache.maven.surefire.testng.TestNGExecutor.run(TestNGExecutor.java:283)
	at org.apache.maven.surefire.testng.TestNGXmlTestSuite.execute(TestNGXmlTestSuite.java:75)
	at org.apache.maven.surefire.testng.TestNGProvider.invoke(TestNGProvider.java:120)
	at org.apache.maven.surefire.booter.ForkedBooter.runSuitesInProcess(ForkedBooter.java:377)
	at org.apache.maven.surefire.booter.ForkedBooter.execute(ForkedBooter.java:138)
	at org.apache.maven.surefire.booter.ForkedBooter.run(ForkedBooter.java:465)
	at org.apache.maven.surefire.booter.ForkedBooter.main(ForkedBooter.java:451)
... Removed 21 stack frames]]>
    </failure>
  </testcase> <!-- editEmployeeDetails -->
</testsuite> <!-- Test -->
